<?xml version="1.0" encoding="UTF-8"?>
<testsuite name="com.oversecured.sast.decompiler.DecompilerEndToEndTest" tests="1" skipped="0" failures="0" errors="0" timestamp="2026-06-27T14:59:05" hostname="Mac.fritz.box" time="0.235">
  <properties/>
  <testcase name="cliDecompilesApkProducingJavaAndManifest(Path)" classname="com.oversecured.sast.decompiler.DecompilerEndToEndTest" time="0.235"/>
  <system-out><![CDATA[decompiled /Users/zall/oversecured/challenge/test-subjects/apk/droidbench/GeneralJava/Clone1.apk -> /var/folders/7j/qts1qph52rl4jlvxqyky7f640000gn/T/junit17065023598933246841
]]></system-out>
  <system-err><![CDATA[[Test worker] INFO jadx.api.JadxDecompiler - loading ...
[Test worker] INFO jadx.core.dex.nodes.RootNode - Loaded classes: 9, methods: 11, instructions: 92
]]></system-err>
</testsuite>
