<?xml version="1.0" encoding="UTF-8"?>
<testsuite name="com.oversecured.sast.decompiler.DecompilerValidationTest" tests="4" skipped="0" failures="0" errors="0" timestamp="2026-06-27T15:21:56" hostname="Mac.fritz.box" time="0.004">
  <properties/>
  <testcase name="rejectsDirectoryAsApk(Path)" classname="com.oversecured.sast.decompiler.DecompilerValidationTest" time="0.002"/>
  <testcase name="rejectsEmptyApk(Path)" classname="com.oversecured.sast.decompiler.DecompilerValidationTest" time="0.0"/>
  <testcase name="rejectsMissingApk(Path)" classname="com.oversecured.sast.decompiler.DecompilerValidationTest" time="0.0"/>
  <testcase name="acceptsNonEmptyRegularFile(Path)" classname="com.oversecured.sast.decompiler.DecompilerValidationTest" time="0.001"/>
  <system-out><![CDATA[]]></system-out>
  <system-err><![CDATA[]]></system-err>
</testsuite>
