<?xml version="1.0" encoding="UTF-8"?>
<testsuite name="com.oversecured.sast.decompiler.DecompilerEndToEndTest" tests="1" skipped="0" failures="0" errors="0" timestamp="2026-06-27T15:21:55" hostname="Mac.fritz.box" time="0.218">
  <properties/>
  <testcase name="cliDecompilesApkProducingJavaAndManifest(Path)" classname="com.oversecured.sast.decompiler.DecompilerEndToEndTest" time="0.218"/>
  <system-out><![CDATA[decompiled /Users/zall/oversecured/challenge/test-subjects/apk/droidbench/GeneralJava/Clone1.apk -> /var/folders/7j/qts1qph52rl4jlvxqyky7f640000gn/T/junit3574421877577839142
]]></system-out>
  <system-err><![CDATA[[Test worker] INFO com.oversecured.sast.decompiler.DecompilerCli - ]]>&#x1f680;<![CDATA[ ▶️ decompile --apk /Users/zall/oversecured/challenge/test-subjects/apk/droidbench/GeneralJava/Clone1.apk --out /var/folders/7j/qts1qph52rl4jlvxqyky7f640000gn/T/junit3574421877577839142
[Test worker] INFO com.oversecured.sast.decompiler.Decompiler - ]]>&#x1f528;<![CDATA[ ▶️ decompiling /Users/zall/oversecured/challenge/test-subjects/apk/droidbench/GeneralJava/Clone1.apk
[Test worker] INFO jadx.api.JadxDecompiler - loading ...
[Test worker] INFO jadx.core.dex.nodes.RootNode - Loaded classes: 9, methods: 11, instructions: 92
[Test worker] INFO com.oversecured.sast.decompiler.Decompiler - ]]>&#x1f528;<![CDATA[ ]]>&#x1f4c1;<![CDATA[ wrote sources + AndroidManifest.xml to /var/folders/7j/qts1qph52rl4jlvxqyky7f640000gn/T/junit3574421877577839142
[Test worker] INFO com.oversecured.sast.decompiler.DecompilerCli - ]]>&#x1f680;<![CDATA[ ✅ decompiled /Users/zall/oversecured/challenge/test-subjects/apk/droidbench/GeneralJava/Clone1.apk -> /var/folders/7j/qts1qph52rl4jlvxqyky7f640000gn/T/junit3574421877577839142
]]></system-err>
</testsuite>
