<?xml version="1.0" encoding="UTF-8"?>
<testsuite name="com.oversecured.sast.decompiler.DecompilerValidationTest" tests="4" skipped="0" failures="0" errors="0" timestamp="2026-06-27T14:57:20" hostname="Mac.fritz.box" time="0.028">
  <properties/>
  <testcase name="rejectsDirectoryAsApk(Path)" classname="com.oversecured.sast.decompiler.DecompilerValidationTest" time="0.023"/>
  <testcase name="rejectsEmptyApk(Path)" classname="com.oversecured.sast.decompiler.DecompilerValidationTest" time="0.001"/>
  <testcase name="rejectsMissingApk(Path)" classname="com.oversecured.sast.decompiler.DecompilerValidationTest" time="0.001"/>
  <testcase name="acceptsNonEmptyRegularFile(Path)" classname="com.oversecured.sast.decompiler.DecompilerValidationTest" time="0.001"/>
  <system-out><![CDATA[]]></system-out>
  <system-err><![CDATA[]]></system-err>
</testsuite>
