<?xml version="1.0" encoding="UTF-8"?>
<testsuite name="com.oversecured.sast.decompiler.DecompilerCliTest" tests="2" skipped="0" failures="0" errors="0" timestamp="2026-06-27T14:59:05" hostname="Mac.fritz.box" time="0.052">
  <properties/>
  <testcase name="missingRequiredOptionExitsNonZero(Path)" classname="com.oversecured.sast.decompiler.DecompilerCliTest" time="0.047"/>
  <testcase name="missingApkExitsNonZeroWithClearError(Path)" classname="com.oversecured.sast.decompiler.DecompilerCliTest" time="0.004"/>
  <system-out><![CDATA[]]></system-out>
  <system-err><![CDATA[]]></system-err>
</testsuite>
